Diagnose log at 2026-06-12T00:43:42Z

AppPath: C:\Program Files\Git\mingw64\bin\git-credential-manager.exe
InstallDir: C:\Program Files\Git\mingw64\bin\
Version: 2.7.3+5fa7116896c82164996a609accd1c5ad90fe730a

------------
Diagnostic: Environment
Skipped: False
Success: True
Exception: None
Log:
OSType: Windows
OSVersion: 10.0 (build 26200)
Reading environment variables... OK
 Variables:
SystemDrive=C:
ProgramFiles(x86)=C:\Program Files (x86)
MSYSTEM=MINGW64
ProgramW6432=C:\Program Files
EXEPATH=C:\Program Files\Git
PROCESSOR_IDENTIFIER=AMD64 Family 25 Model 80 Stepping 0, AuthenticAMD
TMP=C:\Users\99678\AppData\Local\Temp
PROCESSOR_ARCHITECTURE=AMD64
Path=C:/Program Files/Git/mingw64/libexec/git-core;C:\Program Files\Git\mingw64\bin;C:\Program Files\Git\usr\bin;C:\Users\99678\bin;C:\Program Files\Git\cmd;C:\WINDOWS\system32;C:\WINDOWS;C:\WINDOWS\System32\Wbem;C:\WINDOWS\System32\WindowsPowerShell\v1.0\;C:\WINDOWS\System32\OpenSSH\;C:\Program Files (x86)\Windows Kits\10\Windows Performance Toolkit\;C:\Program Files\dotnet\;C:\Program Files\Git\cmd;C:\Users\99678\AppData\Local\Microsoft\WindowsApps;C:\Users\99678\AppData\Local\Programs\Microsoft VS Code\bin;C:\msys64\mingw64\bin;C:\Users\99678\.dotnet\tools
EFC_2156_2946480783=1
EFC_2156_4126798990=1
PROCESSOR_REVISION=5000
TEMP=C:\Users\99678\AppData\Local\Temp
USERPROFILE=C:\Users\99678
LOGONSERVER=\\JER0D0WN
TERM=xterm-256color
USERNAME=99678
SystemRoot=C:\WINDOWS
HOME=C:\Users\99678
PLINK_PROTOCOL=ssh
OneDrive=C:\Users\99678\OneDrive
CommonProgramFiles(x86)=C:\Program Files (x86)\Common Files
ProgramData=C:\ProgramData
LC_CTYPE=C.UTF-8
HOMEPATH=\Users\99678
COMPUTERNAME=JER0D0WN
ALLUSERSPROFILE=C:\ProgramData
CommonProgramW6432=C:\Program Files\Common Files
GIT_EXEC_PATH=C:/Program Files/Git/mingw64/libexec/git-core
SESSIONNAME=Console
DriverData=C:\Windows\System32\Drivers\DriverData
HOMEDRIVE=C:
windir=C:\WINDOWS
GIT_TRACE2_PARENT_SID=f4433a10-8967-440a-8313-696be889df92
EFC_2156_1592913036=1
NUMBER_OF_PROCESSORS=12
OS=Windows_NT
VBOX_HWVIRTEX_IGNORE_SVM_IN_USE=1
ProgramFiles=C:\Program Files
ComSpec=C:\WINDOWS\system32\cmd.exe
PATHEXT=.COM;.EXE;.BAT;.CMD;.VBS;.VBE;.JS;.JSE;.WSF;.WSH;.MSC
EFC_2156_344590478=1
PSModulePath=C:\Program Files\WindowsPowerShell\Modules;C:\WINDOWS\system32\WindowsPowerShell\v1.0\Modules
PROMPT=$P$G
TMPDIR=C:\Users\99678\AppData\Local\Temp
APPDATA=C:\Users\99678\AppData\Roaming
USERDOMAIN=JER0D0WN
PROCESSOR_LEVEL=25
LOCALAPPDATA=C:\Users\99678\AppData\Local
USERDOMAIN_ROAMINGPROFILE=JER0D0WN
COLORTERM=truecolor
PUBLIC=C:\Users\Public
CommonProgramFiles=C:\Program Files\Common Files


------------
Diagnostic: File system
Skipped: False
Success: True
Exception: None
Log:
Temporary directory is 'C:\Users\99678\AppData\Local\Temp\'...
Checking basic file I/O...
Writing to temporary file 'C:\Users\99678\AppData\Local\Temp\1a9b43f296367f2b0f1b9d15'... OK
Reading from temporary file 'C:\Users\99678\AppData\Local\Temp\1a9b43f296367f2b0f1b9d15'... OK
Deleting temporary file 'C:\Users\99678\AppData\Local\Temp\1a9b43f296367f2b0f1b9d15'... OK
Testing IFileSystem instance...
UserHomePath: C:\Users\99678
UserDataDirectoryPath: C:\Users\99678\.gcm
GetCurrentDirectory(): C:\ZEKA GAMES

------------
Diagnostic: Networking
Skipped: False
Success: True
Exception: None
Log:
Checking networking and HTTP stack...
Creating HTTP client... OK
IsNetworkAvailable: True
Sending HEAD request to http://example.com...Sending HEAD request to https://example.com... OK
 OK
Acquiring free TCP port... OK
Testing local HTTP loopback connections...
Creating new HTTP listener for http://localhost:51079/... OK
Waiting for loopback connection... OK
Writing response... OK
Waiting for response data... OK
Loopback connection data OK

------------
Diagnostic: Git
Skipped: False
Success: True
Exception: None
Log:
Getting Git version... OK
Git version is '2.54.0.windows.1'
Locating current repository...Git repository at 'C:/ZEKA GAMES/.git'
 OK
Listing all Git configuration... OK
Git configuration:
file:C:/Program Files/Git/etc/gitconfig	diff.astextplain.textconv=astextplain
file:C:/Program Files/Git/etc/gitconfig	filter.lfs.clean=git-lfs clean -- %f
file:C:/Program Files/Git/etc/gitconfig	filter.lfs.smudge=git-lfs smudge -- %f
file:C:/Program Files/Git/etc/gitconfig	filter.lfs.process=git-lfs filter-process
file:C:/Program Files/Git/etc/gitconfig	filter.lfs.required=true
file:C:/Program Files/Git/etc/gitconfig	http.sslbackend=schannel
file:C:/Program Files/Git/etc/gitconfig	core.autocrlf=true
file:C:/Program Files/Git/etc/gitconfig	core.fscache=true
file:C:/Program Files/Git/etc/gitconfig	core.symlinks=false
file:C:/Program Files/Git/etc/gitconfig	pull.rebase=false
file:C:/Program Files/Git/etc/gitconfig	credential.helper=manager
file:C:/Program Files/Git/etc/gitconfig	credential.https://dev.azure.com.usehttppath=true
file:C:/Program Files/Git/etc/gitconfig	init.defaultbranch=master
file:C:/Users/99678/.gitconfig	user.name=jerodown
file:C:/Users/99678/.gitconfig	user.email=996782000lkp@gmail.com
file:C:/Users/99678/.gitconfig	credential.helper=manager
file:.git/config	core.repositoryformatversion=0
file:.git/config	core.filemode=false
file:.git/config	core.bare=false
file:.git/config	core.logallrefupdates=true
file:.git/config	core.symlinks=false
file:.git/config	core.ignorecase=true
file:.git/config	remote.origin.url=https://github.com/jerodown/game.git
file:.git/config	remote.origin.fetch=+refs/heads/*:refs/remotes/origin/*


------------
Diagnostic: Credential storage
Skipped: False
Success: True
Exception: None
Log:
ICredentialStore instance is of type: CredentialStore
Writing test credential... OK
Reading test credential... OK
Deleting test credential... OK

------------
Diagnostic: Microsoft authentication (AAD/MSA)
Skipped: False
Success: True
Exception: None
Log:
Broker is not enabled.
Flow type is: Auto
Gathering MSAL token cache data... OK
CacheDirectory: C:\Users\99678\AppData\Local\.IdentityService
CacheFileName: msal.cache
CacheFilePath: C:\Users\99678\AppData\Local\.IdentityService\msal.cache
Creating cache helper... OK
Verifying MSAL token cache persistence... OK

------------
Diagnostic: GitHub API
Skipped: False
Success: False
Exception:
System.Threading.Tasks.TaskCanceledException: Uma tarefa foi cancelada.
   em System.Runtime.CompilerServices.TaskAwaiter.ThrowForNonSuccess(Task task)
   em System.Runtime.CompilerServices.TaskAwaiter.HandleNonSuccessAndDebuggerNotification(Task task)
   em GitHub.GitHubRestApi.<GetMetaInfoAsync>d__5.MoveNext()
--- Fim do rastreamento de pilha do local anterior onde a exceção foi gerada ---
   em System.Runtime.ExceptionServices.ExceptionDispatchInfo.Throw()
   em System.Runtime.CompilerServices.TaskAwaiter.ThrowForNonSuccess(Task task)
   em System.Runtime.CompilerServices.TaskAwaiter.HandleNonSuccessAndDebuggerNotification(Task task)
   em GitHub.Diagnostics.GitHubApiDiagnostic.<RunInternalAsync>d__2.MoveNext()
--- Fim do rastreamento de pilha do local anterior onde a exceção foi gerada ---
   em System.Runtime.ExceptionServices.ExceptionDispatchInfo.Throw()
   em System.Runtime.CompilerServices.TaskAwaiter.ThrowForNonSuccess(Task task)
   em System.Runtime.CompilerServices.TaskAwaiter.HandleNonSuccessAndDebuggerNotification(Task task)
   em GitCredentialManager.Diagnostics.Diagnostic.<RunAsync>d__6.MoveNext()
Log:
Using 'https://github.com/' as API target.
Querying '/meta' endpoint...
